<?xml version="1.0" encoding="UTF-8"?>
<!-- Generated by org.testng.reporters.JUnitXMLReporter -->
<testsuite ignored="0" hostname="LAPTOP-7NUDA82T" failures="0" tests="29" name="Test" time="394.515" errors="0" timestamp="2021-03-13T19:31:20 IST">
  <testcase classname="com.ul.qa.testcases.ValidateSubMenu" name="@BeforeClass initialiseSetUp" time="23.424">
    <failure type="org.openqa.selenium.WebDriverException" message="Process unexpectedly closed with status 0
Build info: version: &amp;apos;3.141.59&amp;apos;, revision: &amp;apos;e82be7d358&amp;apos;, time: &amp;apos;2018-11-14T08:17:03&amp;apos;
System info: host: &amp;apos;LAPTOP-7NUDA82T&amp;apos;, ip: &amp;apos;192.168.1.100&amp;apos;, os.name: &amp;apos;Windows 10&amp;apos;, os.arch: &amp;apos;amd64&amp;apos;, os.version: &amp;apos;10.0&amp;apos;, java.version: &amp;apos;15.0.2&amp;apos;
Driver info: driver.version: FirefoxDriver
remote stacktrace: ">
      <![CDATA[org.openqa.selenium.WebDriverException: Process unexpectedly closed with status 0
Build info: version: '3.141.59', revision: 'e82be7d358', time: '2018-11-14T08:17:03'
System info: host: 'LAPTOP-7NUDA82T', ip: '192.168.1.100', os.name: 'Windows 10', os.arch: 'amd64', os.version: '10.0', java.version: '15.0.2'
Driver info: driver.version: FirefoxDriver
remote stacktrace: 
at org.openqa.selenium.remote.W3CHandshakeResponse.lambda$errorHandler$0(W3CHandshakeResponse.java:62)
at org.openqa.selenium.remote.HandshakeResponse.lambda$getResponseFunction$0(HandshakeResponse.java:30)
at org.openqa.selenium.remote.ProtocolHandshake.lambda$createSession$0(ProtocolHandshake.java:126)
at java.base/java.util.stream.ReferencePipeline$3$1.accept(ReferencePipeline.java:195)
at java.base/java.util.Spliterators$ArraySpliterator.tryAdvance(Spliterators.java:958)
at java.base/java.util.stream.ReferencePipeline.forEachWithCancel(ReferencePipeline.java:127)
at java.base/java.util.stream.AbstractPipeline.copyIntoWithCancel(AbstractPipeline.java:502)
at java.base/java.util.stream.AbstractPipeline.copyInto(AbstractPipeline.java:488)
at java.base/java.util.stream.AbstractPipeline.wrapAndCopyInto(AbstractPipeline.java:474)
at java.base/java.util.stream.FindOps$FindOp.evaluateSequential(FindOps.java:150)
at java.base/java.util.stream.AbstractPipeline.evaluate(AbstractPipeline.java:234)
at java.base/java.util.stream.ReferencePipeline.findFirst(ReferencePipeline.java:543)
at org.openqa.selenium.remote.ProtocolHandshake.createSession(ProtocolHandshake.java:128)
at org.openqa.selenium.remote.ProtocolHandshake.createSession(ProtocolHandshake.java:74)
at org.openqa.selenium.remote.HttpCommandExecutor.execute(HttpCommandExecutor.java:136)
at org.openqa.selenium.remote.service.DriverCommandExecutor.execute(DriverCommandExecutor.java:83)
at org.openqa.selenium.remote.RemoteWebDriver.execute(RemoteWebDriver.java:552)
at org.openqa.selenium.remote.RemoteWebDriver.startSession(RemoteWebDriver.java:213)
at org.openqa.selenium.remote.RemoteWebDriver.<init>(RemoteWebDriver.java:131)
at org.openqa.selenium.firefox.FirefoxDriver.<init>(FirefoxDriver.java:147)
at org.openqa.selenium.firefox.FirefoxDriver.<init>(FirefoxDriver.java:125)
at com.ul.qa.base.TestBase.driver(TestBase.java:38)
at com.ul.qa.testcases.ValidateSubMenu.initialiseSetUp(ValidateSubMenu.java:27)
at java.base/java.util.ArrayList.forEach(ArrayList.java:1511)
... Removed 30 stack frames]]>
    </failure>
  </testcase> <!-- @BeforeClass initialiseSetUp -->
  <testcase classname="com.ul.qa.testcases.ValidateSubMenu" name="@AfterClass tearDown" time="-1.615643890712E9">
    <skipped/>
  </testcase> <!-- @AfterClass tearDown -->
  <testcase classname="com.ul.qa.testcases.ValidateGiftCardEntry" name="@BeforeClass initialiseSetUp" time="187.055">
    <failure type="org.openqa.selenium.TimeoutException" message="No connection could be made because the target machine actively refused it. (os error 10061)
Build info: version: &amp;apos;3.141.59&amp;apos;, revision: &amp;apos;e82be7d358&amp;apos;, time: &amp;apos;2018-11-14T08:17:03&amp;apos;
System info: host: &amp;apos;LAPTOP-7NUDA82T&amp;apos;, ip: &amp;apos;192.168.1.100&amp;apos;, os.name: &amp;apos;Windows 10&amp;apos;, os.arch: &amp;apos;amd64&amp;apos;, os.version: &amp;apos;10.0&amp;apos;, java.version: &amp;apos;15.0.2&amp;apos;
Driver info: driver.version: FirefoxDriver
remote stacktrace: ">
      <![CDATA[org.openqa.selenium.TimeoutException: No connection could be made because the target machine actively refused it. (os error 10061)
Build info: version: '3.141.59', revision: 'e82be7d358', time: '2018-11-14T08:17:03'
System info: host: 'LAPTOP-7NUDA82T', ip: '192.168.1.100', os.name: 'Windows 10', os.arch: 'amd64', os.version: '10.0', java.version: '15.0.2'
Driver info: driver.version: FirefoxDriver
remote stacktrace: 
at org.openqa.selenium.remote.W3CHandshakeResponse.lambda$errorHandler$0(W3CHandshakeResponse.java:62)
at org.openqa.selenium.remote.HandshakeResponse.lambda$getResponseFunction$0(HandshakeResponse.java:30)
at org.openqa.selenium.remote.ProtocolHandshake.lambda$createSession$0(ProtocolHandshake.java:126)
at java.base/java.util.stream.ReferencePipeline$3$1.accept(ReferencePipeline.java:195)
at java.base/java.util.Spliterators$ArraySpliterator.tryAdvance(Spliterators.java:958)
at java.base/java.util.stream.ReferencePipeline.forEachWithCancel(ReferencePipeline.java:127)
at java.base/java.util.stream.AbstractPipeline.copyIntoWithCancel(AbstractPipeline.java:502)
at java.base/java.util.stream.AbstractPipeline.copyInto(AbstractPipeline.java:488)
at java.base/java.util.stream.AbstractPipeline.wrapAndCopyInto(AbstractPipeline.java:474)
at java.base/java.util.stream.FindOps$FindOp.evaluateSequential(FindOps.java:150)
at java.base/java.util.stream.AbstractPipeline.evaluate(AbstractPipeline.java:234)
at java.base/java.util.stream.ReferencePipeline.findFirst(ReferencePipeline.java:543)
at org.openqa.selenium.remote.ProtocolHandshake.createSession(ProtocolHandshake.java:128)
at org.openqa.selenium.remote.ProtocolHandshake.createSession(ProtocolHandshake.java:74)
at org.openqa.selenium.remote.HttpCommandExecutor.execute(HttpCommandExecutor.java:136)
at org.openqa.selenium.remote.service.DriverCommandExecutor.execute(DriverCommandExecutor.java:83)
at org.openqa.selenium.remote.RemoteWebDriver.execute(RemoteWebDriver.java:552)
at org.openqa.selenium.remote.RemoteWebDriver.startSession(RemoteWebDriver.java:213)
at org.openqa.selenium.remote.RemoteWebDriver.<init>(RemoteWebDriver.java:131)
at org.openqa.selenium.firefox.FirefoxDriver.<init>(FirefoxDriver.java:147)
at org.openqa.selenium.firefox.FirefoxDriver.<init>(FirefoxDriver.java:125)
at com.ul.qa.base.TestBase.driver(TestBase.java:38)
at com.ul.qa.testcases.ValidateGiftCardEntry.initialiseSetUp(ValidateGiftCardEntry.java:26)
at java.base/java.util.ArrayList.forEach(ArrayList.java:1511)
... Removed 30 stack frames]]>
    </failure>
  </testcase> <!-- @BeforeClass initialiseSetUp -->
  <testcase classname="com.ul.qa.testcases.ValidateGiftCardEntry" name="@AfterClass tearDown" time="-1.615644077813E9">
    <skipped/>
  </testcase> <!-- @AfterClass tearDown -->
  <testcase classname="com.ul.qa.testcases.ValidateBookDetails" name="homePageTitleTest" time="9.938"/>
  <testcase classname="com.ul.qa.testcases.ValidateBookDetails" name="closePopUpTest" time="14.437"/>
  <testcase classname="com.ul.qa.testcases.ValidateBookDetails" name="searchBoxTest" time="5.062"/>
  <testcase classname="com.ul.qa.testcases.ValidateBookDetails" name="searchButtonTest" time="5.57"/>
  <testcase classname="com.ul.qa.testcases.ValidateBookDetails" name="categoryTest" time="26.616"/>
  <testcase classname="com.ul.qa.testcases.ValidateBookDetails" name="storageTypeTest" time="4.269"/>
  <testcase classname="com.ul.qa.testcases.ValidateBookDetails" name="outOfStockTest" time="2.109"/>
  <testcase classname="com.ul.qa.testcases.ValidateBookDetails" name="RecommandationTest" time="9.163"/>
  <testcase classname="com.ul.qa.testcases.ValidateBookDetails" name="bookDetailsTest" time="0.359"/>
  <testcase classname="com.ul.qa.testcases.ValidateChairDetails" name="homePageTitleTest" time="9.767"/>
  <testcase classname="com.ul.qa.testcases.ValidateChairDetails" name="closePopUpTest" time="4.08"/>
  <testcase classname="com.ul.qa.testcases.ValidateChairDetails" name="searchBoxTest" time="2.254"/>
  <testcase classname="com.ul.qa.testcases.ValidateChairDetails" name="searchButtonTest" time="3.916"/>
  <testcase classname="com.ul.qa.testcases.ValidateChairDetails" name="chairDetailsTest" time="24.007"/>
  <testcase classname="com.ul.qa.testcases.ValidateSubMenu" name="homePageTitleTest" time="0.0">
    <skipped/>
  </testcase> <!-- homePageTitleTest -->
  <testcase classname="com.ul.qa.testcases.ValidateSubMenu" name="closePopUpTest" time="0.0">
    <skipped/>
  </testcase> <!-- closePopUpTest -->
  <testcase classname="com.ul.qa.testcases.ValidateSubMenu" name="CollectionButtonTest" time="0.0">
    <skipped/>
  </testcase> <!-- CollectionButtonTest -->
  <testcase classname="com.ul.qa.testcases.ValidateSubMenu" name="subMenuTest" time="0.0">
    <skipped/>
  </testcase> <!-- subMenuTest -->
  <testcase classname="com.ul.qa.testcases.ValidateGiftCardEntry" name="homePageTitleTest" time="0.0">
    <skipped/>
  </testcase> <!-- homePageTitleTest -->
  <testcase classname="com.ul.qa.testcases.ValidateGiftCardEntry" name="closePopUpTest" time="0.0">
    <skipped/>
  </testcase> <!-- closePopUpTest -->
  <testcase classname="com.ul.qa.testcases.ValidateGiftCardEntry" name="GiftCardButtonTest" time="0.0">
    <skipped/>
  </testcase> <!-- GiftCardButtonTest -->
  <testcase classname="com.ul.qa.testcases.ValidateGiftCardEntry" name="selectCardTest" time="0.0">
    <skipped/>
  </testcase> <!-- selectCardTest -->
  <testcase classname="com.ul.qa.testcases.ValidateGiftCardEntry" name="AmountTextBoxTest" time="0.0">
    <skipped/>
  </testcase> <!-- AmountTextBoxTest -->
  <testcase classname="com.ul.qa.testcases.ValidateGiftCardEntry" name="RecipientNameTest" time="0.0">
    <skipped/>
  </testcase> <!-- RecipientNameTest -->
  <testcase classname="com.ul.qa.testcases.ValidateGiftCardEntry" name="RecipientEmailTest" time="0.0">
    <skipped/>
  </testcase> <!-- RecipientEmailTest -->
  <testcase classname="com.ul.qa.testcases.ValidateGiftCardEntry" name="senderNameTest" time="0.0">
    <skipped/>
  </testcase> <!-- senderNameTest -->
  <testcase classname="com.ul.qa.testcases.ValidateGiftCardEntry" name="senderNoTest" time="0.0">
    <skipped/>
  </testcase> <!-- senderNoTest -->
  <testcase classname="com.ul.qa.testcases.ValidateGiftCardEntry" name="errorMessageTest" time="0.0">
    <skipped/>
  </testcase> <!-- errorMessageTest -->
  <testcase classname="com.ul.qa.testcases.ValidateGiftCardEntry" name="screenShotTest" time="0.0">
    <skipped/>
  </testcase> <!-- screenShotTest -->
</testsuite> <!-- Test -->
